Device: cuda
GPU: NVIDIA GeForce RTX 4060 Laptop GPU
Config: batch=4, lr=0.0005, epochs=100, AMP=True, grad_clip=1.0, random_crop=True, flip=True, freeze_frontend=20eps
Train: 400, Test: 316
Params: 16.27M
VGG frontend frozen
Epoch   5/100 | Loss: 154.8790 | Val MAE: 1023.81 | Val RMSE: 1041.97 | Time: 35.6s
  -> Best model saved (MAE=1023.81)
Epoch  10/100 | Loss: 72.4066 | Val MAE: 149.94 | Val RMSE: 167.82 | Time: 32.2s
  -> Best model saved (MAE=149.94)
Epoch  15/100 | Loss: 66.2719 | Val MAE: 411.46 | Val RMSE: 422.20 | Time: 32.1s
Epoch  20/100 | Loss: 60.2638 | Val MAE: 52.55 | Val RMSE: 67.38 | Time: 33.3s
  -> Best model saved (MAE=52.55)
--- VGG frontend unfrozen, lr reduced to 5.0e-05 ---
Epoch  25/100 | Loss: 40.4265 | Val MAE: 177.54 | Val RMSE: 186.32 | Time: 39.7s
Epoch  30/100 | Loss: 44.6209 | Val MAE: 46.68 | Val RMSE: 63.39 | Time: 40.1s
  -> Best model saved (MAE=46.68)
Epoch  35/100 | Loss: 33.7226 | Val MAE: 43.14 | Val RMSE: 60.42 | Time: 41.2s
  -> Best model saved (MAE=43.14)
Epoch  40/100 | Loss: 39.5034 | Val MAE: 73.81 | Val RMSE: 79.97 | Time: 39.8s
Epoch  45/100 | Loss: 33.1364 | Val MAE: 30.53 | Val RMSE: 52.85 | Time: 38.8s
  -> Best model saved (MAE=30.53)
Epoch  50/100 | Loss: 31.0744 | Val MAE: 98.90 | Val RMSE: 102.84 | Time: 39.9s
Epoch  55/100 | Loss: 30.6100 | Val MAE: 141.03 | Val RMSE: 146.52 | Time: 41.6s
Epoch  60/100 | Loss: 28.5630 | Val MAE: 55.34 | Val RMSE: 61.38 | Time: 40.7s
Epoch  65/100 | Loss: 25.1387 | Val MAE: 91.50 | Val RMSE: 95.26 | Time: 40.3s
Epoch  70/100 | Loss: 24.6536 | Val MAE: 58.31 | Val RMSE: 64.02 | Time: 39.4s
Epoch  75/100 | Loss: 22.2962 | Val MAE: 65.21 | Val RMSE: 69.87 | Time: 40.9s
Epoch  80/100 | Loss: 23.6106 | Val MAE: 55.85 | Val RMSE: 61.53 | Time: 40.5s
Epoch  85/100 | Loss: 23.0514 | Val MAE: 78.48 | Val RMSE: 82.24 | Time: 40.5s
Epoch  90/100 | Loss: 18.7046 | Val MAE: 76.11 | Val RMSE: 79.84 | Time: 39.0s
Epoch  95/100 | Loss: 20.4909 | Val MAE: 74.89 | Val RMSE: 78.39 | Time: 41.2s
Epoch 100/100 | Loss: 23.2557 | Val MAE: 55.30 | Val RMSE: 60.31 | Time: 40.0s

Training done. Best MAE: 30.53
